{
  "stats": {
    "suites": 1,
    "tests": 5,
    "passes": 4,
    "pending": 0,
    "failures": 1,
    "start": "2023-01-15T20:07:45.291Z",
    "end": "2023-01-15T20:08:31.057Z",
    "duration": 45766,
    "testsRegistered": 5,
    "passPercent": 80,
    "pendingPercent": 0,
    "other": 0,
    "hasOther": false,
    "skipped": 0,
    "hasSkipped": false
  },
  "results": [
    {
      "uuid": "5099cd33-24a0-441e-80e1-50c08483bfc3",
      "title": "",
      "fullFile": "cypress\\e2e\\FreeRangeWeb\\freeRangeWeb.cy.js",
      "file": "cypress\\e2e\\FreeRangeWeb\\freeRangeWeb.cy.js",
      "beforeHooks": [],
      "afterHooks": [],
      "tests": [],
      "suites": [
        {
          "uuid": "f2959ac3-3f3f-4555-b5be-928f1f25fc25",
          "title": "Home FreeRangeTesters",
          "fullFile": "",
          "file": "",
          "beforeHooks": [],
          "afterHooks": [],
          "tests": [
            {
              "title": "Should have a title",
              "fullTitle": "Home FreeRangeTesters Should have a title",
              "timedOut": null,
              "duration": 3910,
              "state": "passed",
              "speed": "fast",
              "pass": true,
              "fail": false,
              "pending": false,
              "context": null,
              "code": "cy.title().should('include', 'Aprender Testing');",
              "err": {},
              "uuid": "eb10f808-3358-4dee-8706-e175dd04ea28",
              "parentUUID": "f2959ac3-3f3f-4555-b5be-928f1f25fc25",
              "isHook": false,
              "skipped": false
            },
            {
              "title": "Click on \"Cursos\" Button",
              "fullTitle": "Home FreeRangeTesters Click on \"Cursos\" Button",
              "timedOut": null,
              "duration": 2529,
              "state": "passed",
              "speed": "fast",
              "pass": true,
              "fail": false,
              "pending": false,
              "context": null,
              "code": "cy.get('#comp-l02x1m8d2label').click();",
              "err": {},
              "uuid": "0190a554-3f6d-4a1c-b1a0-a229fe72ca04",
              "parentUUID": "f2959ac3-3f3f-4555-b5be-928f1f25fc25",
              "isHook": false,
              "skipped": false
            },
            {
              "title": "Pop Up Discount Code be visible",
              "fullTitle": "Home FreeRangeTesters Pop Up Discount Code be visible",
              "timedOut": null,
              "duration": 8919,
              "state": "passed",
              "speed": "medium",
              "pass": true,
              "fail": false,
              "pending": false,
              "context": null,
              "code": "cy.get('#comp-l02x1m8d2label').click();\ncy.wait(7000);\ncy.get('#bgLayers_comp-l4en5qib > [data-testid=\"colorUnderlay\"]').should('be.visible');",
              "err": {},
              "uuid": "57fc605f-a650-41fc-883f-5b7f582cf266",
              "parentUUID": "f2959ac3-3f3f-4555-b5be-928f1f25fc25",
              "isHook": false,
              "skipped": false
            },
            {
              "title": "Pop Up Discount Code Close",
              "fullTitle": "Home FreeRangeTesters Pop Up Discount Code Close",
              "timedOut": null,
              "duration": 11539,
              "state": "passed",
              "speed": "slow",
              "pass": true,
              "fail": false,
              "pending": false,
              "context": null,
              "code": "cy.get('#comp-l02x1m8d2label').click();\ncy.wait(7000);\ncy.get('#bgLayers_comp-l4en5qib > [data-testid=\"colorUnderlay\"]').should('be.visible');\ncy.wait(1000);\ncy.get('#comp-l4en5qj9 > div > svg > g > path').click();",
              "err": {},
              "uuid": "50a74469-a275-41e3-ae0c-04b66e63e017",
              "parentUUID": "f2959ac3-3f3f-4555-b5be-928f1f25fc25",
              "isHook": false,
              "skipped": false
            },
            {
              "title": "Click on the first \"Ver Curso\" button",
              "fullTitle": "Home FreeRangeTesters Click on the first \"Ver Curso\" button",
              "timedOut": null,
              "duration": 16987,
              "state": "failed",
              "speed": null,
              "pass": false,
              "fail": true,
              "pending": false,
              "context": null,
              "code": "cy.get('#comp-l02x1m8d2label').click();\ncy.wait(7000);\ncy.get('#bgLayers_comp-l4en5qib > [data-testid=\"colorUnderlay\"]').should('be.visible');\ncy.wait(1000);\ncy.get('#comp-l4en5qj9 > div > svg > g > path').click();\ncy.wait(1000);\ncy.get('#comp-l8rsltg01 > [data-testid=\"linkElement\"] > ._1Qjd7').click();",
              "err": {
                "message": "AssertionError: Timed out retrying after 4000ms: Expected to find element: `#comp-l8rsltg01 > [data-testid=\"linkElement\"] > ._1Qjd7`, but never found it.",
                "estack": "AssertionError: Timed out retrying after 4000ms: Expected to find element: `#comp-l8rsltg01 > [data-testid=\"linkElement\"] > ._1Qjd7`, but never found it.\n    at Context.eval (webpack:///./cypress/e2e/FreeRangeWeb/freeRangeWeb.cy.js:32:11)",
                "diff": null
              },
              "uuid": "8248b94c-7b68-4362-94a1-900fb42fbde6",
              "parentUUID": "f2959ac3-3f3f-4555-b5be-928f1f25fc25",
              "isHook": false,
              "skipped": false
            }
          ],
          "suites": [],
          "passes": [
            "eb10f808-3358-4dee-8706-e175dd04ea28",
            "0190a554-3f6d-4a1c-b1a0-a229fe72ca04",
            "57fc605f-a650-41fc-883f-5b7f582cf266",
            "50a74469-a275-41e3-ae0c-04b66e63e017"
          ],
          "failures": [
            "8248b94c-7b68-4362-94a1-900fb42fbde6"
          ],
          "pending": [],
          "skipped": [],
          "duration": 43884,
          "root": false,
          "rootEmpty": false,
          "_timeout": 2000
        }
      ],
      "passes": [],
      "failures": [],
      "pending": [],
      "skipped": [],
      "duration": 0,
      "root": true,
      "rootEmpty": true,
      "_timeout": 2000
    }
  ],
  "meta": {
    "mocha": {
      "version": "7.0.1"
    },
    "mochawesome": {
      "options": {
        "quiet": false,
        "reportFilename": "mochawesome",
        "saveHtml": true,
        "saveJson": true,
        "consoleReporter": "spec",
        "useInlineDiffs": false,
        "code": true
      },
      "version": "7.1.3"
    },
    "marge": {
      "options": null,
      "version": "6.2.0"
    }
  }
}